2020-08-27 19:52:48.089  INFO 3184 --- [main] lavalink.server.Launcher                 : 

[32m       .  [31m _                  _ _       _    [32m__ _ _
[32m      /\\ [31m| | __ ___   ____ _| (_)_ __ | | __[32m\ \ \ \
[32m     ( ( )[31m| |/ _` \ \ / / _` | | | '_ \| |/ /[32m \ \ \ \
[32m      \\/ [31m| | (_| |\ V / (_| | | | | | |   < [32m  ) ) ) )
[32m       '  [31m|_|\__,_| \_/ \__,_|_|_|_| |_|_|\_\[32m / / / /
[0m    =========================================[32m/_/_/_/[0m

	Version:        3.3.1.1
	Build:          1075
	Build time:     13.07.2020 09:09:23 UTC
	Branch          master
	Commit:         f6a1a2a
	Commit time:    13.07.2020 09:04:37 UTC
	JVM:            11
	Lavaplayer      1.3.50

2020-08-27 19:52:48.199  INFO 3184 --- [main] lavalink.server.Launcher                 : Starting Launcher on DESKTOP-8IVB537 with PID 3184 (D:\Programming\DiscordBot\Lavalink.jar started by ereno in D:\Programming\DiscordBot)
2020-08-27 19:52:48.200  INFO 3184 --- [main] lavalink.server.Launcher                 : No active profile set, falling back to default profiles: default
2020-08-27 19:52:48.288  WARN 3184 --- [background-preinit] o.s.h.c.j.Jackson2ObjectMapperBuilder    : For Jackson Kotlin classes support please add "com.fasterxml.jackson.module:jackson-module-kotlin" to the classpath
2020-08-27 19:52:49.698  WARN 3184 --- [main] io.undertow.websockets.jsr               : UT026010: Buffer pool was not set on WebSocketDeploymentInfo, the default pool will be used
2020-08-27 19:52:49.722  INFO 3184 --- [main] io.undertow.servlet                      : Initializing Spring embedded WebApplicationContext
2020-08-27 19:52:49.723  INFO 3184 --- [main] o.s.web.context.ContextLoader            : Root WebApplicationContext: initialization completed in 1477 ms
2020-08-27 19:52:50.078  WARN 3184 --- [main] l.server.config.SentryConfiguration      : Turning off sentry
2020-08-27 19:52:50.090  INFO 3184 --- [main] l.s.c.AudioSendFactoryConfiguration      : OS: Windows 10, Arch: amd64
2020-08-27 19:52:50.091  INFO 3184 --- [main] l.s.c.AudioSendFactoryConfiguration      : JDA-NAS supported system detected. Enabled native audio sending.
2020-08-27 19:52:50.091  INFO 3184 --- [main] l.s.c.AudioSendFactoryConfiguration      : Setting buffer to 400ms
2020-08-27 19:52:50.091  INFO 3184 --- [main] l.s.c.AudioSendFactoryConfiguration      : Setting playlist load limit to 6
2020-08-27 19:52:50.351  INFO 3184 --- [main] c.s.d.l.tools.GarbageCollectionMonitor   : GC monitoring enabled, reporting results every 2 minutes.
2020-08-27 19:52:50.726  INFO 3184 --- [main] o.s.s.concurrent.ThreadPoolTaskExecutor  : Initializing ExecutorService 'applicationTaskExecutor'
2020-08-27 19:52:51.102  INFO 3184 --- [main] org.xnio                                 : XNIO version 3.3.8.Final
2020-08-27 19:52:51.112  INFO 3184 --- [main] org.xnio.nio                             : XNIO NIO Implementation Version 3.3.8.Final
2020-08-27 19:52:51.198  INFO 3184 --- [main] o.s.b.w.e.u.UndertowServletWebServer     : Undertow started on port(s) 2333 (http) with context path ''
2020-08-27 19:52:51.204  INFO 3184 --- [main] lavalink.server.Launcher                 : Started Launcher in 3.627 seconds (JVM running for 4.159)
2020-08-27 19:54:04.985  INFO 3184 --- [Thread-1] o.s.s.concurrent.ThreadPoolTaskExecutor  : Shutting down ExecutorService 'applicationTaskExecutor'
2020-08-27 19:54:04.987  INFO 3184 --- [Thread-1] c.s.d.l.tools.GarbageCollectionMonitor   : GC monitoring disabled.
